<?xml version="1.0" encoding="UTF-8"?>
<testng-results ignored="0" total="1" passed="1" failed="0" skipped="0">
  <reporter-output>
  </reporter-output>
  <suite started-at="2025-06-22T16:12:03 IST" name="Default suite" finished-at="2025-06-22T16:12:09 IST" duration-ms="6496">
    <groups>
      <group name="cucumber">
        <method signature="AbstractTestNGCucumberTests.runScenario(io.cucumber.testng.PickleWrapper,io.cucumber.testng.FeatureWrapper)[pri:0, instance:cucumberOptions.TestNGTestRunner@7c137fd5]" name="runScenario" class="io.cucumber.testng.AbstractTestNGCucumberTests"/>
      </group> <!-- cucumber -->
    </groups>
    <test started-at="2025-06-22T16:12:03 IST" name="Default test" finished-at="2025-06-22T16:12:09 IST" duration-ms="6496">
      <class name="cucumberOptions.TestNGTestRunner">
        <test-method is-config="true" signature="setUpClass(org.testng.ITestContext)[pri:0, instance:cucumberOptions.TestNGTestRunner@7c137fd5]" started-at="2025-06-22T16:12:03 IST" name="setUpClass" finished-at="2025-06-22T16:12:03 IST" duration-ms="675" status="PASS">
          <params>
            <param index="0">
              <value>
                <![CDATA[org.testng.TestRunner@62d73ead]]>
              </value>
            </param>
          </params>
          <reporter-output>
          </reporter-output>
        </test-method> <!-- setUpClass -->
        <test-method signature="runScenario(io.cucumber.testng.PickleWrapper,io.cucumber.testng.FeatureWrapper)[pri:0, instance:cucumberOptions.TestNGTestRunner@7c137fd5]" started-at="2025-06-22T16:12:03 IST" name="runScenario" description="Runs Cucumber Scenarios" data-provider="scenarios" finished-at="2025-06-22T16:12:09 IST" duration-ms="5698" status="PASS">
          <params>
            <param index="0">
              <value>
                <![CDATA["Mark attendance on HR One portal"]]>
              </value>
            </param>
            <param index="1">
              <value>
                <![CDATA["Attendance Marking"]]>
              </value>
            </param>
          </params>
          <reporter-output>
          </reporter-output>
        </test-method> <!-- runScenario -->
        <test-method is-config="true" signature="tearDownClass()[pri:0, instance:cucumberOptions.TestNGTestRunner@7c137fd5]" started-at="2025-06-22T16:12:09 IST" name="tearDownClass" finished-at="2025-06-22T16:12:09 IST" duration-ms="30" status="PASS">
          <reporter-output>
          </reporter-output>
        </test-method> <!-- tearDownClass -->
      </class> <!-- cucumberOptions.TestNGTestRunner -->
    </test> <!-- Default test -->
  </suite> <!-- Default suite -->
</testng-results>
